2013/07/18 13:28:30 [error] [exception.CHttpException.404] exception 'CHttpException' with message 'The system is unable to find the requested action "contactf".' in C:\wamp\www\optima-new\framework\web\CController.php:483
Stack trace:
#0 C:\wamp\www\optima-new\framework\web\CController.php(270): CController->missingAction('contactf')
#1 C:\wamp\www\optima-new\framework\web\CWebApplication.php(282): CController->run('contactf')
#2 C:\wamp\www\optima-new\framework\web\CWebApplication.php(141): CWebApplication->runController('site/contactf')
#3 C:\wamp\www\optima-new\framework\base\CApplication.php(169): CWebApplication->processRequest()
#4 C:\wamp\www\optima-new\index.php(23): CApplication->run()
#5 {main}
REQUEST_URI=/optima-new/index.php?r=site/contactf
---
2013/07/18 13:28:38 [error] [exception.CHttpException.404] exception 'CHttpException' with message 'The system is unable to find the requested action "contactfsd".' in C:\wamp\www\optima-new\framework\web\CController.php:483
Stack trace:
#0 C:\wamp\www\optima-new\framework\web\CController.php(270): CController->missingAction('contactfsd')
#1 C:\wamp\www\optima-new\framework\web\CWebApplication.php(282): CController->run('contactfsd')
#2 C:\wamp\www\optima-new\framework\web\CWebApplication.php(141): CWebApplication->runController('site/contactfsd')
#3 C:\wamp\www\optima-new\framework\base\CApplication.php(169): CWebApplication->processRequest()
#4 C:\wamp\www\optima-new\index.php(23): CApplication->run()
#5 {main}
REQUEST_URI=/optima-new/index.php?r=site/contactfsd
---
2013/07/18 13:56:27 [error] [php] Invalid argument supplied for foreach() (C:\wamp\www\optima-new\framework\zii\widgets\CMenu.php:260)
Stack trace:
#0 C:\wamp\www\optima-new\framework\zii\widgets\CMenu.php(156): CMenu->normalizeItems()
#1 C:\wamp\www\optima-new\framework\web\CBaseController.php(147): CMenu->init()
#2 C:\wamp\www\optima-new\framework\web\CBaseController.php(172): SiteController->createWidget()
#3 C:\wamp\www\optima-new\themes\base\views\layouts\main.php(69): SiteController->widget()
#4 C:\wamp\www\optima-new\framework\web\CBaseController.php(126): require()
#5 C:\wamp\www\optima-new\framework\web\CBaseController.php(95): SiteController->renderInternal()
#6 C:\wamp\www\optima-new\framework\web\widgets\CContentDecorator.php(76): SiteController->renderFile()
#7 C:\wamp\www\optima-new\framework\web\widgets\CContentDecorator.php(54): CContentDecorator->decorate()
#8 C:\wamp\www\optima-new\framework\web\widgets\COutputProcessor.php(44): CContentDecorator->processOutput()
#9 C:\wamp\www\optima-new\framework\web\CBaseController.php(206): CContentDecorator->run()
#10 C:\wamp\www\optima-new\framework\web\CBaseController.php(300): SiteController->endWidget()
#11 C:\wamp\www\optima-new\themes\base\views\layouts\column1.php(3): SiteController->endContent()
#12 C:\wamp\www\optima-new\framework\web\CBaseController.php(126): require()
#13 C:\wamp\www\optima-new\framework\web\CBaseController.php(95): SiteController->renderInternal()
#14 C:\wamp\www\optima-new\framework\web\CController.php(784): SiteController->renderFile()
#15 C:\wamp\www\optima-new\protected\controllers\SiteController.php(32): SiteController->render()
#16 C:\wamp\www\optima-new\framework\web\actions\CInlineAction.php(49): SiteController->actionIndex()
#17 C:\wamp\www\optima-new\framework\web\CController.php(308): CInlineAction->runWithParams()
#18 C:\wamp\www\optima-new\framework\web\CController.php(286): SiteController->runAction()
#19 C:\wamp\www\optima-new\framework\web\CController.php(265): SiteController->runActionWithFilters()
#20 C:\wamp\www\optima-new\framework\web\CWebApplication.php(282): SiteController->run()
#21 C:\wamp\www\optima-new\framework\web\CWebApplication.php(141): CWebApplication->runController()
#22 C:\wamp\www\optima-new\framework\base\CApplication.php(169): CWebApplication->processRequest()
#23 C:\wamp\www\optima-new\index.php(23): CWebApplication->run()
REQUEST_URI=/optima-new/index.php?r=site/index
2013/07/18 14:06:47 [error] [php] include(Person.php) [<a href='function.include'>function.include</a>]: failed to open stream: No such file or directory (C:\wamp\www\optima-new\framework\YiiBase.php:421)
Stack trace:
#0 C:\wamp\www\optima-new\themes\base\views\site\index.php(21): spl_autoload_call()
#1 C:\wamp\www\optima-new\framework\web\CBaseController.php(126): require()
#2 C:\wamp\www\optima-new\framework\web\CBaseController.php(95): SiteController->renderInternal()
#3 C:\wamp\www\optima-new\framework\web\CController.php(869): SiteController->renderFile()
#4 C:\wamp\www\optima-new\framework\web\CController.php(782): SiteController->renderPartial()
#5 C:\wamp\www\optima-new\protected\controllers\SiteController.php(32): SiteController->render()
#6 C:\wamp\www\optima-new\framework\web\actions\CInlineAction.php(49): SiteController->actionIndex()
#7 C:\wamp\www\optima-new\framework\web\CController.php(308): CInlineAction->runWithParams()
#8 C:\wamp\www\optima-new\framework\web\CController.php(286): SiteController->runAction()
#9 C:\wamp\www\optima-new\framework\web\CController.php(265): SiteController->runActionWithFilters()
#10 C:\wamp\www\optima-new\framework\web\CWebApplication.php(282): SiteController->run()
#11 C:\wamp\www\optima-new\framework\web\CWebApplication.php(141): CWebApplication->runController()
#12 C:\wamp\www\optima-new\framework\base\CApplication.php(169): CWebApplication->processRequest()
#13 C:\wamp\www\optima-new\index.php(23): CWebApplication->run()
REQUEST_URI=/optima-new/index.php?r=site/index
2013/07/18 14:22:34 [error] [php] include(Person.php) [<a href='function.include'>function.include</a>]: failed to open stream: No such file or directory (C:\wamp\www\optima-new\framework\YiiBase.php:421)
Stack trace:
#0 C:\wamp\www\optima-new\themes\base\views\site\index.php(21): spl_autoload_call()
#1 C:\wamp\www\optima-new\framework\web\CBaseController.php(126): require()
#2 C:\wamp\www\optima-new\framework\web\CBaseController.php(95): SiteController->renderInternal()
#3 C:\wamp\www\optima-new\framework\web\CController.php(869): SiteController->renderFile()
#4 C:\wamp\www\optima-new\framework\web\CController.php(782): SiteController->renderPartial()
#5 C:\wamp\www\optima-new\protected\controllers\SiteController.php(32): SiteController->render()
#6 C:\wamp\www\optima-new\framework\web\actions\CInlineAction.php(49): SiteController->actionIndex()
#7 C:\wamp\www\optima-new\framework\web\CController.php(308): CInlineAction->runWithParams()
#8 C:\wamp\www\optima-new\framework\web\CController.php(286): SiteController->runAction()
#9 C:\wamp\www\optima-new\framework\web\CController.php(265): SiteController->runActionWithFilters()
#10 C:\wamp\www\optima-new\framework\web\CWebApplication.php(282): SiteController->run()
#11 C:\wamp\www\optima-new\framework\web\CWebApplication.php(141): CWebApplication->runController()
#12 C:\wamp\www\optima-new\framework\base\CApplication.php(169): CWebApplication->processRequest()
#13 C:\wamp\www\optima-new\index.php(23): CWebApplication->run()
REQUEST_URI=/optima-new/index.php?r=site/index
2013/07/18 14:27:05 [error] [php] Undefined variable: gridDataProvider (C:\wamp\www\optima-new\themes\base\views\site\index.php:38)
Stack trace:
#0 C:\wamp\www\optima-new\framework\web\CController.php(869): SiteController->renderFile()
#1 C:\wamp\www\optima-new\framework\web\CController.php(782): SiteController->renderPartial()
#2 C:\wamp\www\optima-new\protected\controllers\SiteController.php(32): SiteController->render()
#3 C:\wamp\www\optima-new\framework\web\actions\CInlineAction.php(49): SiteController->actionIndex()
#4 C:\wamp\www\optima-new\framework\web\CController.php(308): CInlineAction->runWithParams()
#5 C:\wamp\www\optima-new\framework\web\CController.php(286): SiteController->runAction()
#6 C:\wamp\www\optima-new\framework\web\CController.php(265): SiteController->runActionWithFilters()
#7 C:\wamp\www\optima-new\framework\web\CWebApplication.php(282): SiteController->run()
#8 C:\wamp\www\optima-new\framework\web\CWebApplication.php(141): CWebApplication->runController()
#9 C:\wamp\www\optima-new\framework\base\CApplication.php(169): CWebApplication->processRequest()
#10 C:\wamp\www\optima-new\index.php(23): CWebApplication->run()
REQUEST_URI=/optima-new/index.php?r=site/index
2013/07/18 14:27:06 [error] [php] Undefined variable: gridDataProvider (C:\wamp\www\optima-new\themes\base\views\site\index.php:38)
Stack trace:
#0 C:\wamp\www\optima-new\framework\web\CController.php(869): SiteController->renderFile()
#1 C:\wamp\www\optima-new\framework\web\CController.php(782): SiteController->renderPartial()
#2 C:\wamp\www\optima-new\protected\controllers\SiteController.php(32): SiteController->render()
#3 C:\wamp\www\optima-new\framework\web\actions\CInlineAction.php(49): SiteController->actionIndex()
#4 C:\wamp\www\optima-new\framework\web\CController.php(308): CInlineAction->runWithParams()
#5 C:\wamp\www\optima-new\framework\web\CController.php(286): SiteController->runAction()
#6 C:\wamp\www\optima-new\framework\web\CController.php(265): SiteController->runActionWithFilters()
#7 C:\wamp\www\optima-new\framework\web\CWebApplication.php(282): SiteController->run()
#8 C:\wamp\www\optima-new\framework\web\CWebApplication.php(141): CWebApplication->runController()
#9 C:\wamp\www\optima-new\framework\base\CApplication.php(169): CWebApplication->processRequest()
#10 C:\wamp\www\optima-new\index.php(23): CWebApplication->run()
REQUEST_URI=/optima-new/index.php?r=site/index
2013/07/18 14:27:44 [error] [exception.CException] exception 'CException' with message 'Alias "bootstrap.widgets.TbGridView" is invalid. Make sure it points to an existing directory or file.' in C:\wamp\www\optima-new\framework\YiiBase.php:341
Stack trace:
#0 C:\wamp\www\optima-new\framework\web\CWidgetFactory.php(146): YiiBase::import('bootstrap.widge...', true)
#1 C:\wamp\www\optima-new\framework\web\CBaseController.php(146): CWidgetFactory->createWidget(Object(SiteController), 'bootstrap.widge...', Array)
#2 C:\wamp\www\optima-new\framework\web\CBaseController.php(172): CBaseController->createWidget('bootstrap.widge...', Array)
#3 C:\wamp\www\optima-new\themes\base\views\site\index.php(42): CBaseController->widget('bootstrap.widge...', Array)
#4 C:\wamp\www\optima-new\framework\web\CBaseController.php(126): require('C:\wamp\www\opt...')
#5 C:\wamp\www\optima-new\framework\web\CBaseController.php(95): CBaseController->renderInternal('C:\wamp\www\opt...', NULL, true)
#6 C:\wamp\www\optima-new\framework\web\CController.php(869): CBaseController->renderFile('C:\wamp\www\opt...', NULL, true)
#7 C:\wamp\www\optima-new\framework\web\CController.php(782): CController->renderPartial('index', NULL, true)
#8 C:\wamp\www\optima-new\protected\controllers\SiteController.php(32): CController->render('index')
#9 C:\wamp\www\optima-new\framework\web\actions\CInlineAction.php(49): SiteController->actionIndex()
#10 C:\wamp\www\optima-new\framework\web\CController.php(308): CInlineAction->runWithParams(Array)
#11 C:\wamp\www\optima-new\framework\web\CController.php(286): CController->runAction(Object(CInlineAction))
#12 C:\wamp\www\optima-new\framework\web\CController.php(265): CController->runActionWithFilters(Object(CInlineAction), Array)
#13 C:\wamp\www\optima-new\framework\web\CWebApplication.php(282): CController->run('index')
#14 C:\wamp\www\optima-new\framework\web\CWebApplication.php(141): CWebApplication->runController('site/index')
#15 C:\wamp\www\optima-new\framework\base\CApplication.php(169): CWebApplication->processRequest()
#16 C:\wamp\www\optima-new\index.php(23): CApplication->run()
#17 {main}
REQUEST_URI=/optima-new/index.php?r=site/index
HTTP_REFERER=http://192.168.1.38/optima-new/index.php?r=site/contact
---
2013/07/18 14:29:21 [error] [exception.CException] exception 'CException' with message 'Alias "bootstrap.widgets.TbGridView" is invalid. Make sure it points to an existing directory or file.' in C:\wamp\www\optima-new\framework\YiiBase.php:341
Stack trace:
#0 C:\wamp\www\optima-new\framework\web\CWidgetFactory.php(146): YiiBase::import('bootstrap.widge...', true)
#1 C:\wamp\www\optima-new\framework\web\CBaseController.php(146): CWidgetFactory->createWidget(Object(SiteController), 'bootstrap.widge...', Array)
#2 C:\wamp\www\optima-new\framework\web\CBaseController.php(172): CBaseController->createWidget('bootstrap.widge...', Array)
#3 C:\wamp\www\optima-new\themes\base\views\site\index.php(42): CBaseController->widget('bootstrap.widge...', Array)
#4 C:\wamp\www\optima-new\framework\web\CBaseController.php(126): require('C:\wamp\www\opt...')
#5 C:\wamp\www\optima-new\framework\web\CBaseController.php(95): CBaseController->renderInternal('C:\wamp\www\opt...', NULL, true)
#6 C:\wamp\www\optima-new\framework\web\CController.php(869): CBaseController->renderFile('C:\wamp\www\opt...', NULL, true)
#7 C:\wamp\www\optima-new\framework\web\CController.php(782): CController->renderPartial('index', NULL, true)
#8 C:\wamp\www\optima-new\protected\controllers\SiteController.php(32): CController->render('index')
#9 C:\wamp\www\optima-new\framework\web\actions\CInlineAction.php(49): SiteController->actionIndex()
#10 C:\wamp\www\optima-new\framework\web\CController.php(308): CInlineAction->runWithParams(Array)
#11 C:\wamp\www\optima-new\framework\web\CController.php(286): CController->runAction(Object(CInlineAction))
#12 C:\wamp\www\optima-new\framework\web\CController.php(265): CController->runActionWithFilters(Object(CInlineAction), Array)
#13 C:\wamp\www\optima-new\framework\web\CWebApplication.php(282): CController->run('index')
#14 C:\wamp\www\optima-new\framework\web\CWebApplication.php(141): CWebApplication->runController('site/index')
#15 C:\wamp\www\optima-new\framework\base\CApplication.php(169): CWebApplication->processRequest()
#16 C:\wamp\www\optima-new\index.php(23): CApplication->run()
#17 {main}
REQUEST_URI=/optima-new/index.php?r=site/index
HTTP_REFERER=http://192.168.1.38/optima-new/index.php?r=site/contact
---
2013/07/18 14:30:00 [error] [exception.CException] exception 'CException' with message 'Property "CGridView.type" is not defined.' in C:\wamp\www\optima-new\framework\base\CComponent.php:173
Stack trace:
#0 C:\wamp\www\optima-new\framework\web\CWidgetFactory.php(161): CComponent->__set('type', 'striped')
#1 C:\wamp\www\optima-new\framework\web\CBaseController.php(146): CWidgetFactory->createWidget(Object(SiteController), 'zii.widgets.gri...', Array)
#2 C:\wamp\www\optima-new\framework\web\CBaseController.php(172): CBaseController->createWidget('zii.widgets.gri...', Array)
#3 C:\wamp\www\optima-new\themes\base\views\site\index.php(42): CBaseController->widget('zii.widgets.gri...', Array)
#4 C:\wamp\www\optima-new\framework\web\CBaseController.php(126): require('C:\wamp\www\opt...')
#5 C:\wamp\www\optima-new\framework\web\CBaseController.php(95): CBaseController->renderInternal('C:\wamp\www\opt...', NULL, true)
#6 C:\wamp\www\optima-new\framework\web\CController.php(869): CBaseController->renderFile('C:\wamp\www\opt...', NULL, true)
#7 C:\wamp\www\optima-new\framework\web\CController.php(782): CController->renderPartial('index', NULL, true)
#8 C:\wamp\www\optima-new\protected\controllers\SiteController.php(32): CController->render('index')
#9 C:\wamp\www\optima-new\framework\web\actions\CInlineAction.php(49): SiteController->actionIndex()
#10 C:\wamp\www\optima-new\framework\web\CController.php(308): CInlineAction->runWithParams(Array)
#11 C:\wamp\www\optima-new\framework\web\CController.php(286): CController->runAction(Object(CInlineAction))
#12 C:\wamp\www\optima-new\framework\web\CController.php(265): CController->runActionWithFilters(Object(CInlineAction), Array)
#13 C:\wamp\www\optima-new\framework\web\CWebApplication.php(282): CController->run('index')
#14 C:\wamp\www\optima-new\framework\web\CWebApplication.php(141): CWebApplication->runController('site/index')
#15 C:\wamp\www\optima-new\framework\base\CApplication.php(169): CWebApplication->processRequest()
#16 C:\wamp\www\optima-new\index.php(23): CApplication->run()
#17 {main}
REQUEST_URI=/optima-new/index.php?r=site/index
HTTP_REFERER=http://192.168.1.38/optima-new/index.php?r=site/contact
---
2013/07/18 14:30:01 [error] [exception.CException] exception 'CException' with message 'Property "CGridView.type" is not defined.' in C:\wamp\www\optima-new\framework\base\CComponent.php:173
Stack trace:
#0 C:\wamp\www\optima-new\framework\web\CWidgetFactory.php(161): CComponent->__set('type', 'striped')
#1 C:\wamp\www\optima-new\framework\web\CBaseController.php(146): CWidgetFactory->createWidget(Object(SiteController), 'zii.widgets.gri...', Array)
#2 C:\wamp\www\optima-new\framework\web\CBaseController.php(172): CBaseController->createWidget('zii.widgets.gri...', Array)
#3 C:\wamp\www\optima-new\themes\base\views\site\index.php(42): CBaseController->widget('zii.widgets.gri...', Array)
#4 C:\wamp\www\optima-new\framework\web\CBaseController.php(126): require('C:\wamp\www\opt...')
#5 C:\wamp\www\optima-new\framework\web\CBaseController.php(95): CBaseController->renderInternal('C:\wamp\www\opt...', NULL, true)
#6 C:\wamp\www\optima-new\framework\web\CController.php(869): CBaseController->renderFile('C:\wamp\www\opt...', NULL, true)
#7 C:\wamp\www\optima-new\framework\web\CController.php(782): CController->renderPartial('index', NULL, true)
#8 C:\wamp\www\optima-new\protected\controllers\SiteController.php(32): CController->render('index')
#9 C:\wamp\www\optima-new\framework\web\actions\CInlineAction.php(49): SiteController->actionIndex()
#10 C:\wamp\www\optima-new\framework\web\CController.php(308): CInlineAction->runWithParams(Array)
#11 C:\wamp\www\optima-new\framework\web\CController.php(286): CController->runAction(Object(CInlineAction))
#12 C:\wamp\www\optima-new\framework\web\CController.php(265): CController->runActionWithFilters(Object(CInlineAction), Array)
#13 C:\wamp\www\optima-new\framework\web\CWebApplication.php(282): CController->run('index')
#14 C:\wamp\www\optima-new\framework\web\CWebApplication.php(141): CWebApplication->runController('site/index')
#15 C:\wamp\www\optima-new\framework\base\CApplication.php(169): CWebApplication->processRequest()
#16 C:\wamp\www\optima-new\index.php(23): CApplication->run()
#17 {main}
REQUEST_URI=/optima-new/index.php?r=site/index
HTTP_REFERER=http://192.168.1.38/optima-new/index.php?r=site/contact
---
2013/07/18 14:30:07 [error] [exception.CException] exception 'CException' with message 'Alias "bootstrap.widgets.TbButtonColumn" is invalid. Make sure it points to an existing directory or file.' in C:\wamp\www\optima-new\framework\YiiBase.php:341
Stack trace:
#0 C:\wamp\www\optima-new\framework\YiiBase.php(196): YiiBase::import('bootstrap.widge...', true)
#1 C:\wamp\www\optima-new\framework\zii\widgets\grid\CGridView.php(363): YiiBase::createComponent(Array, Object(CGridView))
#2 C:\wamp\www\optima-new\framework\zii\widgets\grid\CGridView.php(334): CGridView->initColumns()
#3 C:\wamp\www\optima-new\framework\web\CBaseController.php(147): CGridView->init()
#4 C:\wamp\www\optima-new\framework\web\CBaseController.php(172): CBaseController->createWidget('zii.widgets.gri...', Array)
#5 C:\wamp\www\optima-new\themes\base\views\site\index.php(42): CBaseController->widget('zii.widgets.gri...', Array)
#6 C:\wamp\www\optima-new\framework\web\CBaseController.php(126): require('C:\wamp\www\opt...')
#7 C:\wamp\www\optima-new\framework\web\CBaseController.php(95): CBaseController->renderInternal('C:\wamp\www\opt...', NULL, true)
#8 C:\wamp\www\optima-new\framework\web\CController.php(869): CBaseController->renderFile('C:\wamp\www\opt...', NULL, true)
#9 C:\wamp\www\optima-new\framework\web\CController.php(782): CController->renderPartial('index', NULL, true)
#10 C:\wamp\www\optima-new\protected\controllers\SiteController.php(32): CController->render('index')
#11 C:\wamp\www\optima-new\framework\web\actions\CInlineAction.php(49): SiteController->actionIndex()
#12 C:\wamp\www\optima-new\framework\web\CController.php(308): CInlineAction->runWithParams(Array)
#13 C:\wamp\www\optima-new\framework\web\CController.php(286): CController->runAction(Object(CInlineAction))
#14 C:\wamp\www\optima-new\framework\web\CController.php(265): CController->runActionWithFilters(Object(CInlineAction), Array)
#15 C:\wamp\www\optima-new\framework\web\CWebApplication.php(282): CController->run('index')
#16 C:\wamp\www\optima-new\framework\web\CWebApplication.php(141): CWebApplication->runController('site/index')
#17 C:\wamp\www\optima-new\framework\base\CApplication.php(169): CWebApplication->processRequest()
#18 C:\wamp\www\optima-new\index.php(23): CApplication->run()
#19 {main}
REQUEST_URI=/optima-new/index.php?r=site/index
HTTP_REFERER=http://192.168.1.38/optima-new/index.php?r=site/contact
---
2013/07/18 14:30:17 [error] [exception.CException] exception 'CException' with message 'Property "CDataColumn.viewButtonUrl" is not defined.' in C:\wamp\www\optima-new\framework\base\CComponent.php:173
Stack trace:
#0 C:\wamp\www\optima-new\framework\YiiBase.php(220): CComponent->__set('viewButtonUrl', NULL)
#1 C:\wamp\www\optima-new\framework\zii\widgets\grid\CGridView.php(363): YiiBase::createComponent(Array, Object(CGridView))
#2 C:\wamp\www\optima-new\framework\zii\widgets\grid\CGridView.php(334): CGridView->initColumns()
#3 C:\wamp\www\optima-new\framework\web\CBaseController.php(147): CGridView->init()
#4 C:\wamp\www\optima-new\framework\web\CBaseController.php(172): CBaseController->createWidget('zii.widgets.gri...', Array)
#5 C:\wamp\www\optima-new\themes\base\views\site\index.php(42): CBaseController->widget('zii.widgets.gri...', Array)
#6 C:\wamp\www\optima-new\framework\web\CBaseController.php(126): require('C:\wamp\www\opt...')
#7 C:\wamp\www\optima-new\framework\web\CBaseController.php(95): CBaseController->renderInternal('C:\wamp\www\opt...', NULL, true)
#8 C:\wamp\www\optima-new\framework\web\CController.php(869): CBaseController->renderFile('C:\wamp\www\opt...', NULL, true)
#9 C:\wamp\www\optima-new\framework\web\CController.php(782): CController->renderPartial('index', NULL, true)
#10 C:\wamp\www\optima-new\protected\controllers\SiteController.php(32): CController->render('index')
#11 C:\wamp\www\optima-new\framework\web\actions\CInlineAction.php(49): SiteController->actionIndex()
#12 C:\wamp\www\optima-new\framework\web\CController.php(308): CInlineAction->runWithParams(Array)
#13 C:\wamp\www\optima-new\framework\web\CController.php(286): CController->runAction(Object(CInlineAction))
#14 C:\wamp\www\optima-new\framework\web\CController.php(265): CController->runActionWithFilters(Object(CInlineAction), Array)
#15 C:\wamp\www\optima-new\framework\web\CWebApplication.php(282): CController->run('index')
#16 C:\wamp\www\optima-new\framework\web\CWebApplication.php(141): CWebApplication->runController('site/index')
#17 C:\wamp\www\optima-new\framework\base\CApplication.php(169): CWebApplication->processRequest()
#18 C:\wamp\www\optima-new\index.php(23): CApplication->run()
#19 {main}
REQUEST_URI=/optima-new/index.php?r=site/index
HTTP_REFERER=http://192.168.1.38/optima-new/index.php?r=site/contact
---
2013/07/18 14:30:27 [error] [exception.CException] exception 'CException' with message 'Either "name" or "value" must be specified for CDataColumn.' in C:\wamp\www\optima-new\framework\zii\widgets\grid\CDataColumn.php:78
Stack trace:
#0 C:\wamp\www\optima-new\framework\zii\widgets\grid\CGridView.php(376): CDataColumn->init()
#1 C:\wamp\www\optima-new\framework\zii\widgets\grid\CGridView.php(334): CGridView->initColumns()
#2 C:\wamp\www\optima-new\framework\web\CBaseController.php(147): CGridView->init()
#3 C:\wamp\www\optima-new\framework\web\CBaseController.php(172): CBaseController->createWidget('zii.widgets.gri...', Array)
#4 C:\wamp\www\optima-new\themes\base\views\site\index.php(42): CBaseController->widget('zii.widgets.gri...', Array)
#5 C:\wamp\www\optima-new\framework\web\CBaseController.php(126): require('C:\wamp\www\opt...')
#6 C:\wamp\www\optima-new\framework\web\CBaseController.php(95): CBaseController->renderInternal('C:\wamp\www\opt...', NULL, true)
#7 C:\wamp\www\optima-new\framework\web\CController.php(869): CBaseController->renderFile('C:\wamp\www\opt...', NULL, true)
#8 C:\wamp\www\optima-new\framework\web\CController.php(782): CController->renderPartial('index', NULL, true)
#9 C:\wamp\www\optima-new\protected\controllers\SiteController.php(32): CController->render('index')
#10 C:\wamp\www\optima-new\framework\web\actions\CInlineAction.php(49): SiteController->actionIndex()
#11 C:\wamp\www\optima-new\framework\web\CController.php(308): CInlineAction->runWithParams(Array)
#12 C:\wamp\www\optima-new\framework\web\CController.php(286): CController->runAction(Object(CInlineAction))
#13 C:\wamp\www\optima-new\framework\web\CController.php(265): CController->runActionWithFilters(Object(CInlineAction), Array)
#14 C:\wamp\www\optima-new\framework\web\CWebApplication.php(282): CController->run('index')
#15 C:\wamp\www\optima-new\framework\web\CWebApplication.php(141): CWebApplication->runController('site/index')
#16 C:\wamp\www\optima-new\framework\base\CApplication.php(169): CWebApplication->processRequest()
#17 C:\wamp\www\optima-new\index.php(23): CApplication->run()
#18 {main}
REQUEST_URI=/optima-new/index.php?r=site/index
HTTP_REFERER=http://192.168.1.38/optima-new/index.php?r=site/contact
---
2013/07/18 14:30:43 [error] [exception.CException] exception 'CException' with message 'Property "CGridView.name" is not defined.' in C:\wamp\www\optima-new\framework\base\CComponent.php:173
Stack trace:
#0 C:\wamp\www\optima-new\framework\web\CWidgetFactory.php(161): CComponent->__set('name', 'test')
#1 C:\wamp\www\optima-new\framework\web\CBaseController.php(146): CWidgetFactory->createWidget(Object(SiteController), 'zii.widgets.gri...', Array)
#2 C:\wamp\www\optima-new\framework\web\CBaseController.php(172): CBaseController->createWidget('zii.widgets.gri...', Array)
#3 C:\wamp\www\optima-new\themes\base\views\site\index.php(43): CBaseController->widget('zii.widgets.gri...', Array)
#4 C:\wamp\www\optima-new\framework\web\CBaseController.php(126): require('C:\wamp\www\opt...')
#5 C:\wamp\www\optima-new\framework\web\CBaseController.php(95): CBaseController->renderInternal('C:\wamp\www\opt...', NULL, true)
#6 C:\wamp\www\optima-new\framework\web\CController.php(869): CBaseController->renderFile('C:\wamp\www\opt...', NULL, true)
#7 C:\wamp\www\optima-new\framework\web\CController.php(782): CController->renderPartial('index', NULL, true)
#8 C:\wamp\www\optima-new\protected\controllers\SiteController.php(32): CController->render('index')
#9 C:\wamp\www\optima-new\framework\web\actions\CInlineAction.php(49): SiteController->actionIndex()
#10 C:\wamp\www\optima-new\framework\web\CController.php(308): CInlineAction->runWithParams(Array)
#11 C:\wamp\www\optima-new\framework\web\CController.php(286): CController->runAction(Object(CInlineAction))
#12 C:\wamp\www\optima-new\framework\web\CController.php(265): CController->runActionWithFilters(Object(CInlineAction), Array)
#13 C:\wamp\www\optima-new\framework\web\CWebApplication.php(282): CController->run('index')
#14 C:\wamp\www\optima-new\framework\web\CWebApplication.php(141): CWebApplication->runController('site/index')
#15 C:\wamp\www\optima-new\framework\base\CApplication.php(169): CWebApplication->processRequest()
#16 C:\wamp\www\optima-new\index.php(23): CApplication->run()
#17 {main}
REQUEST_URI=/optima-new/index.php?r=site/index
HTTP_REFERER=http://192.168.1.38/optima-new/index.php?r=site/contact
---
2013/07/18 14:30:45 [error] [exception.CException] exception 'CException' with message 'Property "CGridView.name" is not defined.' in C:\wamp\www\optima-new\framework\base\CComponent.php:173
Stack trace:
#0 C:\wamp\www\optima-new\framework\web\CWidgetFactory.php(161): CComponent->__set('name', 'test')
#1 C:\wamp\www\optima-new\framework\web\CBaseController.php(146): CWidgetFactory->createWidget(Object(SiteController), 'zii.widgets.gri...', Array)
#2 C:\wamp\www\optima-new\framework\web\CBaseController.php(172): CBaseController->createWidget('zii.widgets.gri...', Array)
#3 C:\wamp\www\optima-new\themes\base\views\site\index.php(43): CBaseController->widget('zii.widgets.gri...', Array)
#4 C:\wamp\www\optima-new\framework\web\CBaseController.php(126): require('C:\wamp\www\opt...')
#5 C:\wamp\www\optima-new\framework\web\CBaseController.php(95): CBaseController->renderInternal('C:\wamp\www\opt...', NULL, true)
#6 C:\wamp\www\optima-new\framework\web\CController.php(869): CBaseController->renderFile('C:\wamp\www\opt...', NULL, true)
#7 C:\wamp\www\optima-new\framework\web\CController.php(782): CController->renderPartial('index', NULL, true)
#8 C:\wamp\www\optima-new\protected\controllers\SiteController.php(32): CController->render('index')
#9 C:\wamp\www\optima-new\framework\web\actions\CInlineAction.php(49): SiteController->actionIndex()
#10 C:\wamp\www\optima-new\framework\web\CController.php(308): CInlineAction->runWithParams(Array)
#11 C:\wamp\www\optima-new\framework\web\CController.php(286): CController->runAction(Object(CInlineAction))
#12 C:\wamp\www\optima-new\framework\web\CController.php(265): CController->runActionWithFilters(Object(CInlineAction), Array)
#13 C:\wamp\www\optima-new\framework\web\CWebApplication.php(282): CController->run('index')
#14 C:\wamp\www\optima-new\framework\web\CWebApplication.php(141): CWebApplication->runController('site/index')
#15 C:\wamp\www\optima-new\framework\base\CApplication.php(169): CWebApplication->processRequest()
#16 C:\wamp\www\optima-new\index.php(23): CApplication->run()
#17 {main}
REQUEST_URI=/optima-new/index.php?r=site/index
HTTP_REFERER=http://192.168.1.38/optima-new/index.php?r=site/contact
---
2013/07/18 14:31:02 [error] [exception.CException] exception 'CException' with message 'Either "name" or "value" must be specified for CDataColumn.' in C:\wamp\www\optima-new\framework\zii\widgets\grid\CDataColumn.php:78
Stack trace:
#0 C:\wamp\www\optima-new\framework\zii\widgets\grid\CGridView.php(376): CDataColumn->init()
#1 C:\wamp\www\optima-new\framework\zii\widgets\grid\CGridView.php(334): CGridView->initColumns()
#2 C:\wamp\www\optima-new\framework\web\CBaseController.php(147): CGridView->init()
#3 C:\wamp\www\optima-new\framework\web\CBaseController.php(172): CBaseController->createWidget('zii.widgets.gri...', Array)
#4 C:\wamp\www\optima-new\themes\base\views\site\index.php(42): CBaseController->widget('zii.widgets.gri...', Array)
#5 C:\wamp\www\optima-new\framework\web\CBaseController.php(126): require('C:\wamp\www\opt...')
#6 C:\wamp\www\optima-new\framework\web\CBaseController.php(95): CBaseController->renderInternal('C:\wamp\www\opt...', NULL, true)
#7 C:\wamp\www\optima-new\framework\web\CController.php(869): CBaseController->renderFile('C:\wamp\www\opt...', NULL, true)
#8 C:\wamp\www\optima-new\framework\web\CController.php(782): CController->renderPartial('index', NULL, true)
#9 C:\wamp\www\optima-new\protected\controllers\SiteController.php(32): CController->render('index')
#10 C:\wamp\www\optima-new\framework\web\actions\CInlineAction.php(49): SiteController->actionIndex()
#11 C:\wamp\www\optima-new\framework\web\CController.php(308): CInlineAction->runWithParams(Array)
#12 C:\wamp\www\optima-new\framework\web\CController.php(286): CController->runAction(Object(CInlineAction))
#13 C:\wamp\www\optima-new\framework\web\CController.php(265): CController->runActionWithFilters(Object(CInlineAction), Array)
#14 C:\wamp\www\optima-new\framework\web\CWebApplication.php(282): CController->run('index')
#15 C:\wamp\www\optima-new\framework\web\CWebApplication.php(141): CWebApplication->runController('site/index')
#16 C:\wamp\www\optima-new\framework\base\CApplication.php(169): CWebApplication->processRequest()
#17 C:\wamp\www\optima-new\index.php(23): CApplication->run()
#18 {main}
REQUEST_URI=/optima-new/index.php?r=site/index
HTTP_REFERER=http://192.168.1.38/optima-new/index.php?r=site/contact
---
2013/07/19 09:35:06 [error] [exception.CException] exception 'CException' with message 'Property "TbApi.responsiveCss" is not defined.' in C:\wamp\www\optima-new\framework\base\CComponent.php:173
Stack trace:
#0 C:\wamp\www\optima-new\framework\YiiBase.php(220): CComponent->__set('responsiveCss', true)
#1 C:\wamp\www\optima-new\framework\base\CModule.php(386): YiiBase::createComponent(Array)
#2 C:\wamp\www\optima-new\framework\base\CModule.php(103): CModule->getComponent('bootstrap')
#3 C:\wamp\www\optima-new\themes\base\views\layouts\main.php(23): CModule->__get('bootstrap')
#4 C:\wamp\www\optima-new\framework\web\CBaseController.php(126): require('C:\wamp\www\opt...')
#5 C:\wamp\www\optima-new\framework\web\CBaseController.php(95): CBaseController->renderInternal('C:\wamp\www\opt...', Array, true)
#6 C:\wamp\www\optima-new\framework\web\widgets\CContentDecorator.php(76): CBaseController->renderFile('C:\wamp\www\opt...', Array, true)
#7 C:\wamp\www\optima-new\framework\web\widgets\CContentDecorator.php(54): CContentDecorator->decorate('?<div class="he...')
#8 C:\wamp\www\optima-new\framework\web\widgets\COutputProcessor.php(44): CContentDecorator->processOutput('?<div class="he...')
#9 C:\wamp\www\optima-new\framework\web\CBaseController.php(206): COutputProcessor->run()
#10 C:\wamp\www\optima-new\framework\web\CBaseController.php(300): CBaseController->endWidget('CContentDecorat...')
#11 C:\wamp\www\optima-new\themes\base\views\layouts\column1.php(3): CBaseController->endContent()
#12 C:\wamp\www\optima-new\framework\web\CBaseController.php(126): require('C:\wamp\www\opt...')
#13 C:\wamp\www\optima-new\framework\web\CBaseController.php(95): CBaseController->renderInternal('C:\wamp\www\opt...', Array, true)
#14 C:\wamp\www\optima-new\framework\web\CController.php(784): CBaseController->renderFile('C:\wamp\www\opt...', Array, true)
#15 C:\wamp\www\optima-new\protected\controllers\SiteController.php(32): CController->render('index')
#16 C:\wamp\www\optima-new\framework\web\actions\CInlineAction.php(49): SiteController->actionIndex()
#17 C:\wamp\www\optima-new\framework\web\CController.php(308): CInlineAction->runWithParams(Array)
#18 C:\wamp\www\optima-new\framework\web\CController.php(286): CController->runAction(Object(CInlineAction))
#19 C:\wamp\www\optima-new\framework\web\CController.php(265): CController->runActionWithFilters(Object(CInlineAction), Array)
#20 C:\wamp\www\optima-new\framework\web\CWebApplication.php(282): CController->run('index')
#21 C:\wamp\www\optima-new\framework\web\CWebApplication.php(141): CWebApplication->runController('site/index')
#22 C:\wamp\www\optima-new\framework\base\CApplication.php(169): CWebApplication->processRequest()
#23 C:\wamp\www\optima-new\index.php(23): CApplication->run()
#24 {main}
REQUEST_URI=/optima-new/index.php?r=site/index
HTTP_REFERER=http://192.168.1.38/optima-new/index.php?r=site/contact
---
2013/07/19 12:06:42 [error] [system.db.CDbCommand] CDbCommand::fetchAll() failed: SQLSTATE[42S02]: Base table or view not found: 1146 Table 'daniel_opt.users' doesn't exist. The SQL statement executed was: SHOW FULL COLUMNS FROM `users`.
2013/07/19 12:06:42 [error] [exception.CDbException] exception 'CDbException' with message 'The table "{{users}}" for active record class "RegistrationForm" cannot be found in the database.' in C:\wamp\www\optima-new\framework\db\ar\CActiveRecord.php:2310
Stack trace:
#0 C:\wamp\www\optima-new\framework\db\ar\CActiveRecord.php(387): CActiveRecordMetaData->__construct(Object(RegistrationForm))
#1 C:\wamp\www\optima-new\framework\db\ar\CActiveRecord.php(402): CActiveRecord::model('RegistrationFor...')
#2 C:\wamp\www\optima-new\framework\db\ar\CActiveRecord.php(77): CActiveRecord->getMetaData()
#3 C:\wamp\www\optima-new\protected\modules\user\controllers\RegistrationController.php(23): CActiveRecord->__construct()
#4 C:\wamp\www\optima-new\framework\web\actions\CInlineAction.php(49): RegistrationController->actionRegistration()
#5 C:\wamp\www\optima-new\framework\web\CController.php(308): CInlineAction->runWithParams(Array)
#6 C:\wamp\www\optima-new\framework\web\CController.php(286): CController->runAction(Object(CInlineAction))
#7 C:\wamp\www\optima-new\framework\web\CController.php(265): CController->runActionWithFilters(Object(CInlineAction), Array)
#8 C:\wamp\www\optima-new\framework\web\CWebApplication.php(282): CController->run('')
#9 C:\wamp\www\optima-new\framework\web\CWebApplication.php(141): CWebApplication->runController('user/registrati...')
#10 C:\wamp\www\optima-new\framework\base\CApplication.php(169): CWebApplication->processRequest()
#11 C:\wamp\www\optima-new\index.php(23): CApplication->run()
#12 {main}
REQUEST_URI=/optima-new/index.php?r=user/registration
HTTP_REFERER=http://192.168.1.38/optima-new/index.php?r=site/login
---
2013/07/19 12:13:43 [error] [php] mail() [<a href='function.mail'>function.mail</a>]: Failed to connect to mailserver at &quot;localhost&quot; port 25, verify your &quot;SMTP&quot; and &quot;smtp_port&quot; setting in php.ini or use ini_set() (C:\wamp\www\optima-new\protected\modules\user\UserModule.php:226)
Stack trace:
#0 C:\wamp\www\optima-new\framework\web\actions\CInlineAction.php(49): RegistrationController->actionRegistration()
#1 C:\wamp\www\optima-new\framework\web\CController.php(308): CInlineAction->runWithParams()
#2 C:\wamp\www\optima-new\framework\web\CController.php(286): RegistrationController->runAction()
#3 C:\wamp\www\optima-new\framework\web\CController.php(265): RegistrationController->runActionWithFilters()
#4 C:\wamp\www\optima-new\framework\web\CWebApplication.php(282): RegistrationController->run()
#5 C:\wamp\www\optima-new\framework\web\CWebApplication.php(141): CWebApplication->runController()
#6 C:\wamp\www\optima-new\framework\base\CApplication.php(169): CWebApplication->processRequest()
#7 C:\wamp\www\optima-new\index.php(23): CWebApplication->run()
REQUEST_URI=/optima-new/index.php?r=user/registration
2013/07/19 12:33:27 [error] [exception.CDbException] exception 'CDbException' with message 'Active record "User" is trying to select an invalid column "user.lastvisit_at". Note, the column must exist in the table or be an expression with alias.' in C:\wamp\www\optima-new\framework\db\ar\CActiveFinder.php:917
Stack trace:
#0 C:\wamp\www\optima-new\framework\db\ar\CActiveFinder.php(1208): CJoinElement->getColumnSelect(Array)
#1 C:\wamp\www\optima-new\framework\db\ar\CActiveFinder.php(418): CJoinQuery->__construct(Object(CJoinElement), Object(CDbCriteria))
#2 C:\wamp\www\optima-new\framework\db\ar\CActiveFinder.php(68): CJoinElement->find(Object(CDbCriteria))
#3 C:\wamp\www\optima-new\framework\db\ar\CActiveRecord.php(1302): CActiveFinder->query(Object(CDbCriteria), false)
#4 C:\wamp\www\optima-new\framework\db\ar\CActiveRecord.php(1465): CActiveRecord->query(Object(CDbCriteria))
#5 C:\wamp\www\optima-new\protected\modules\user\components\UserIdentity.php(27): CActiveRecord->findByAttributes(Array)
#6 C:\wamp\www\optima-new\protected\modules\user\models\UserLogin.php(52): UserIdentity->authenticate()
#7 C:\wamp\www\optima-new\framework\validators\CInlineValidator.php(42): UserLogin->authenticate('password', Array)
#8 C:\wamp\www\optima-new\framework\validators\CValidator.php(213): CInlineValidator->validateAttribute(Object(UserLogin), 'password')
#9 C:\wamp\www\optima-new\framework\base\CModel.php(159): CValidator->validate(Object(UserLogin), NULL)
#10 C:\wamp\www\optima-new\protected\modules\user\controllers\LoginController.php(19): CModel->validate()
#11 C:\wamp\www\optima-new\framework\web\actions\CInlineAction.php(49): LoginController->actionLogin()
#12 C:\wamp\www\optima-new\framework\web\CController.php(308): CInlineAction->runWithParams(Array)
#13 C:\wamp\www\optima-new\framework\web\CController.php(286): CController->runAction(Object(CInlineAction))
#14 C:\wamp\www\optima-new\framework\web\CController.php(265): CController->runActionWithFilters(Object(CInlineAction), Array)
#15 C:\wamp\www\optima-new\framework\web\CWebApplication.php(282): CController->run('')
#16 C:\wamp\www\optima-new\framework\web\CWebApplication.php(141): CWebApplication->runController('user/login')
#17 C:\wamp\www\optima-new\framework\base\CApplication.php(169): CWebApplication->processRequest()
#18 C:\wamp\www\optima-new\index.php(23): CApplication->run()
#19 {main}
REQUEST_URI=/optima-new/index.php?r=user/login
HTTP_REFERER=http://192.168.1.38/optima-new/index.php?r=user/login
---
2013/07/19 12:58:19 [error] [php] include(YiiMailMessage.php) [<a href='function.include'>function.include</a>]: failed to open stream: No such file or directory (C:\wamp\www\optima-new\framework\YiiBase.php:421)
Stack trace:
#0 C:\wamp\www\optima-new\themes\base\views\site\index.php(14): spl_autoload_call()
#1 C:\wamp\www\optima-new\framework\web\CBaseController.php(126): require()
#2 C:\wamp\www\optima-new\framework\web\CBaseController.php(95): SiteController->renderInternal()
#3 C:\wamp\www\optima-new\framework\web\CController.php(869): SiteController->renderFile()
#4 C:\wamp\www\optima-new\framework\web\CController.php(782): SiteController->renderPartial()
#5 C:\wamp\www\optima-new\protected\controllers\SiteController.php(32): SiteController->render()
#6 C:\wamp\www\optima-new\framework\web\actions\CInlineAction.php(49): SiteController->actionIndex()
#7 C:\wamp\www\optima-new\framework\web\CController.php(308): CInlineAction->runWithParams()
#8 C:\wamp\www\optima-new\framework\web\CController.php(286): SiteController->runAction()
#9 C:\wamp\www\optima-new\framework\web\CController.php(265): SiteController->runActionWithFilters()
#10 C:\wamp\www\optima-new\framework\web\CWebApplication.php(282): SiteController->run()
#11 C:\wamp\www\optima-new\framework\web\CWebApplication.php(141): CWebApplication->runController()
#12 C:\wamp\www\optima-new\framework\base\CApplication.php(169): CWebApplication->processRequest()
#13 C:\wamp\www\optima-new\index.php(23): CWebApplication->run()
REQUEST_URI=/optima-new/
2013/07/19 12:58:35 [error] [php] include(YiiMailMessage.php) [<a href='function.include'>function.include</a>]: failed to open stream: No such file or directory (C:\wamp\www\optima-new\framework\YiiBase.php:421)
Stack trace:
#0 C:\wamp\www\optima-new\themes\base\views\site\index.php(14): spl_autoload_call()
#1 C:\wamp\www\optima-new\framework\web\CBaseController.php(126): require()
#2 C:\wamp\www\optima-new\framework\web\CBaseController.php(95): SiteController->renderInternal()
#3 C:\wamp\www\optima-new\framework\web\CController.php(869): SiteController->renderFile()
#4 C:\wamp\www\optima-new\framework\web\CController.php(782): SiteController->renderPartial()
#5 C:\wamp\www\optima-new\protected\controllers\SiteController.php(32): SiteController->render()
#6 C:\wamp\www\optima-new\framework\web\actions\CInlineAction.php(49): SiteController->actionIndex()
#7 C:\wamp\www\optima-new\framework\web\CController.php(308): CInlineAction->runWithParams()
#8 C:\wamp\www\optima-new\framework\web\CController.php(286): SiteController->runAction()
#9 C:\wamp\www\optima-new\framework\web\CController.php(265): SiteController->runActionWithFilters()
#10 C:\wamp\www\optima-new\framework\web\CWebApplication.php(282): SiteController->run()
#11 C:\wamp\www\optima-new\framework\web\CWebApplication.php(141): CWebApplication->runController()
#12 C:\wamp\www\optima-new\framework\base\CApplication.php(169): CWebApplication->processRequest()
#13 C:\wamp\www\optima-new\index.php(23): CWebApplication->run()
REQUEST_URI=/optima-new/
2013/07/19 12:58:36 [error] [php] include(YiiMailMessage.php) [<a href='function.include'>function.include</a>]: failed to open stream: No such file or directory (C:\wamp\www\optima-new\framework\YiiBase.php:421)
Stack trace:
#0 C:\wamp\www\optima-new\themes\base\views\site\index.php(14): spl_autoload_call()
#1 C:\wamp\www\optima-new\framework\web\CBaseController.php(126): require()
#2 C:\wamp\www\optima-new\framework\web\CBaseController.php(95): SiteController->renderInternal()
#3 C:\wamp\www\optima-new\framework\web\CController.php(869): SiteController->renderFile()
#4 C:\wamp\www\optima-new\framework\web\CController.php(782): SiteController->renderPartial()
#5 C:\wamp\www\optima-new\protected\controllers\SiteController.php(32): SiteController->render()
#6 C:\wamp\www\optima-new\framework\web\actions\CInlineAction.php(49): SiteController->actionIndex()
#7 C:\wamp\www\optima-new\framework\web\CController.php(308): CInlineAction->runWithParams()
#8 C:\wamp\www\optima-new\framework\web\CController.php(286): SiteController->runAction()
#9 C:\wamp\www\optima-new\framework\web\CController.php(265): SiteController->runActionWithFilters()
#10 C:\wamp\www\optima-new\framework\web\CWebApplication.php(282): SiteController->run()
#11 C:\wamp\www\optima-new\framework\web\CWebApplication.php(141): CWebApplication->runController()
#12 C:\wamp\www\optima-new\framework\base\CApplication.php(169): CWebApplication->processRequest()
#13 C:\wamp\www\optima-new\index.php(23): CWebApplication->run()
REQUEST_URI=/optima-new/
2013/07/19 13:00:54 [error] [php] include(YiiMailMessage.php) [<a href='function.include'>function.include</a>]: failed to open stream: No such file or directory (C:\wamp\www\optima-new\framework\YiiBase.php:421)
Stack trace:
#0 C:\wamp\www\optima-new\themes\base\views\site\index.php(14): spl_autoload_call()
#1 C:\wamp\www\optima-new\framework\web\CBaseController.php(126): require()
#2 C:\wamp\www\optima-new\framework\web\CBaseController.php(95): SiteController->renderInternal()
#3 C:\wamp\www\optima-new\framework\web\CController.php(869): SiteController->renderFile()
#4 C:\wamp\www\optima-new\framework\web\CController.php(782): SiteController->renderPartial()
#5 C:\wamp\www\optima-new\protected\controllers\SiteController.php(32): SiteController->render()
#6 C:\wamp\www\optima-new\framework\web\actions\CInlineAction.php(49): SiteController->actionIndex()
#7 C:\wamp\www\optima-new\framework\web\CController.php(308): CInlineAction->runWithParams()
#8 C:\wamp\www\optima-new\framework\web\CController.php(286): SiteController->runAction()
#9 C:\wamp\www\optima-new\framework\web\CController.php(265): SiteController->runActionWithFilters()
#10 C:\wamp\www\optima-new\framework\web\CWebApplication.php(282): SiteController->run()
#11 C:\wamp\www\optima-new\framework\web\CWebApplication.php(141): CWebApplication->runController()
#12 C:\wamp\www\optima-new\framework\base\CApplication.php(169): CWebApplication->processRequest()
#13 C:\wamp\www\optima-new\index.php(23): CWebApplication->run()
REQUEST_URI=/optima-new/
2013/07/19 13:00:55 [error] [php] include(YiiMailMessage.php) [<a href='function.include'>function.include</a>]: failed to open stream: No such file or directory (C:\wamp\www\optima-new\framework\YiiBase.php:421)
Stack trace:
#0 C:\wamp\www\optima-new\themes\base\views\site\index.php(14): spl_autoload_call()
#1 C:\wamp\www\optima-new\framework\web\CBaseController.php(126): require()
#2 C:\wamp\www\optima-new\framework\web\CBaseController.php(95): SiteController->renderInternal()
#3 C:\wamp\www\optima-new\framework\web\CController.php(869): SiteController->renderFile()
#4 C:\wamp\www\optima-new\framework\web\CController.php(782): SiteController->renderPartial()
#5 C:\wamp\www\optima-new\protected\controllers\SiteController.php(32): SiteController->render()
#6 C:\wamp\www\optima-new\framework\web\actions\CInlineAction.php(49): SiteController->actionIndex()
#7 C:\wamp\www\optima-new\framework\web\CController.php(308): CInlineAction->runWithParams()
#8 C:\wamp\www\optima-new\framework\web\CController.php(286): SiteController->runAction()
#9 C:\wamp\www\optima-new\framework\web\CController.php(265): SiteController->runActionWithFilters()
#10 C:\wamp\www\optima-new\framework\web\CWebApplication.php(282): SiteController->run()
#11 C:\wamp\www\optima-new\framework\web\CWebApplication.php(141): CWebApplication->runController()
#12 C:\wamp\www\optima-new\framework\base\CApplication.php(169): CWebApplication->processRequest()
#13 C:\wamp\www\optima-new\index.php(23): CWebApplication->run()
REQUEST_URI=/optima-new/
2013/07/19 13:02:56 [error] [php] mail() [<a href='function.mail'>function.mail</a>]: Failed to connect to mailserver at &quot;localhost&quot; port 25, verify your &quot;SMTP&quot; and &quot;smtp_port&quot; setting in php.ini or use ini_set() (C:\wamp\www\optima-new\protected\extensions\yii-mail\vendors\swiftMailer\classes\Swift\Transport\SimpleMailInvoker.php:50)
Stack trace:
#0 C:\wamp\www\optima-new\protected\extensions\yii-mail\vendors\swiftMailer\classes\Swift\Mailer.php(77): Swift_MailTransport->send()
#1 C:\wamp\www\optima-new\protected\extensions\yii-mail\YiiMail.php(133): Swift_Mailer->send()
#2 C:\wamp\www\optima-new\themes\base\views\site\index.php(19): YiiMail->send()
#3 C:\wamp\www\optima-new\framework\web\CBaseController.php(126): require()
#4 C:\wamp\www\optima-new\framework\web\CBaseController.php(95): SiteController->renderInternal()
#5 C:\wamp\www\optima-new\framework\web\CController.php(869): SiteController->renderFile()
#6 C:\wamp\www\optima-new\framework\web\CController.php(782): SiteController->renderPartial()
#7 C:\wamp\www\optima-new\protected\controllers\SiteController.php(32): SiteController->render()
#8 C:\wamp\www\optima-new\framework\web\actions\CInlineAction.php(49): SiteController->actionIndex()
#9 C:\wamp\www\optima-new\framework\web\CController.php(308): CInlineAction->runWithParams()
#10 C:\wamp\www\optima-new\framework\web\CController.php(286): SiteController->runAction()
#11 C:\wamp\www\optima-new\framework\web\CController.php(265): SiteController->runActionWithFilters()
#12 C:\wamp\www\optima-new\framework\web\CWebApplication.php(282): SiteController->run()
#13 C:\wamp\www\optima-new\framework\web\CWebApplication.php(141): CWebApplication->runController()
#14 C:\wamp\www\optima-new\framework\base\CApplication.php(169): CWebApplication->processRequest()
#15 C:\wamp\www\optima-new\index.php(23): CWebApplication->run()
REQUEST_URI=/optima-new/
2013/07/19 13:14:49 [error] [exception.CDbException] exception 'CDbException' with message 'Active record "User" is trying to select an invalid column "user.lastvisit_at". Note, the column must exist in the table or be an expression with alias.' in C:\wamp\www\optima-new\framework\db\ar\CActiveFinder.php:917
Stack trace:
#0 C:\wamp\www\optima-new\framework\db\ar\CActiveFinder.php(1208): CJoinElement->getColumnSelect('user.id, user.u...')
#1 C:\wamp\www\optima-new\framework\db\ar\CActiveFinder.php(418): CJoinQuery->__construct(Object(CJoinElement), Object(CDbCriteria))
#2 C:\wamp\www\optima-new\framework\db\ar\CActiveFinder.php(68): CJoinElement->find(Object(CDbCriteria))
#3 C:\wamp\www\optima-new\framework\db\ar\CActiveRecord.php(1302): CActiveFinder->query(Object(CDbCriteria), false)
#4 C:\wamp\www\optima-new\framework\db\ar\CActiveRecord.php(1465): CActiveRecord->query(Object(CDbCriteria))
#5 C:\wamp\www\optima-new\protected\modules\user\models\UserRecoveryForm.php(40): CActiveRecord->findByAttributes(Array)
#6 C:\wamp\www\optima-new\framework\validators\CInlineValidator.php(42): UserRecoveryForm->checkexists('login_or_email', Array)
#7 C:\wamp\www\optima-new\framework\validators\CValidator.php(213): CInlineValidator->validateAttribute(Object(UserRecoveryForm), 'login_or_email')
#8 C:\wamp\www\optima-new\framework\base\CModel.php(159): CValidator->validate(Object(UserRecoveryForm), NULL)
#9 C:\wamp\www\optima-new\protected\modules\user\controllers\RecoveryController.php(42): CModel->validate()
#10 C:\wamp\www\optima-new\framework\web\actions\CInlineAction.php(49): RecoveryController->actionRecovery()
#11 C:\wamp\www\optima-new\framework\web\CController.php(308): CInlineAction->runWithParams(Array)
#12 C:\wamp\www\optima-new\framework\web\CController.php(286): CController->runAction(Object(CInlineAction))
#13 C:\wamp\www\optima-new\framework\web\CController.php(265): CController->runActionWithFilters(Object(CInlineAction), Array)
#14 C:\wamp\www\optima-new\framework\web\CWebApplication.php(282): CController->run('')
#15 C:\wamp\www\optima-new\framework\web\CWebApplication.php(141): CWebApplication->runController('user/recovery')
#16 C:\wamp\www\optima-new\framework\base\CApplication.php(169): CWebApplication->processRequest()
#17 C:\wamp\www\optima-new\index.php(23): CApplication->run()
#18 {main}
REQUEST_URI=/optima-new/index.php?r=user/recovery
HTTP_REFERER=http://192.168.1.38/optima-new/index.php?r=user/recovery
---
2013/07/19 13:16:45 [error] [php] mail() [<a href='function.mail'>function.mail</a>]: Failed to connect to mailserver at &quot;localhost&quot; port 25, verify your &quot;SMTP&quot; and &quot;smtp_port&quot; setting in php.ini or use ini_set() (C:\wamp\www\optima-new\protected\modules\user\UserModule.php:226)
Stack trace:
#0 C:\wamp\www\optima-new\framework\web\actions\CInlineAction.php(49): RecoveryController->actionRecovery()
#1 C:\wamp\www\optima-new\framework\web\CController.php(308): CInlineAction->runWithParams()
#2 C:\wamp\www\optima-new\framework\web\CController.php(286): RecoveryController->runAction()
#3 C:\wamp\www\optima-new\framework\web\CController.php(265): RecoveryController->runActionWithFilters()
#4 C:\wamp\www\optima-new\framework\web\CWebApplication.php(282): RecoveryController->run()
#5 C:\wamp\www\optima-new\framework\web\CWebApplication.php(141): CWebApplication->runController()
#6 C:\wamp\www\optima-new\framework\base\CApplication.php(169): CWebApplication->processRequest()
#7 C:\wamp\www\optima-new\index.php(23): CWebApplication->run()
REQUEST_URI=/optima-new/index.php?r=user/recovery
2013/07/19 13:56:24 [error] [php] mail() [<a href='function.mail'>function.mail</a>]: Failed to connect to mailserver at &quot;localhost&quot; port 25, verify your &quot;SMTP&quot; and &quot;smtp_port&quot; setting in php.ini or use ini_set() (C:\wamp\www\optima-new\protected\modules\user\UserModule.php:226)
Stack trace:
#0 C:\wamp\www\optima-new\framework\web\actions\CInlineAction.php(49): RecoveryController->actionRecovery()
#1 C:\wamp\www\optima-new\framework\web\CController.php(308): CInlineAction->runWithParams()
#2 C:\wamp\www\optima-new\framework\web\CController.php(286): RecoveryController->runAction()
#3 C:\wamp\www\optima-new\framework\web\CController.php(265): RecoveryController->runActionWithFilters()
#4 C:\wamp\www\optima-new\framework\web\CWebApplication.php(282): RecoveryController->run()
#5 C:\wamp\www\optima-new\framework\web\CWebApplication.php(141): CWebApplication->runController()
#6 C:\wamp\www\optima-new\framework\base\CApplication.php(169): CWebApplication->processRequest()
#7 C:\wamp\www\optima-new\index.php(23): CWebApplication->run()
REQUEST_URI=/optima-new/index.php?r=user/recovery
2013/07/19 14:08:33 [error] [php] Object of class YiiMailMessage could not be converted to string (C:\wamp\www\optima-new\protected\extensions\yii-mail\YiiMail.php:192)
Stack trace:
#0 C:\wamp\www\optima-new\protected\modules\user\controllers\RecoveryController.php(56): sendMail()
#1 C:\wamp\www\optima-new\framework\web\actions\CInlineAction.php(49): RecoveryController->actionRecovery()
#2 C:\wamp\www\optima-new\framework\web\CController.php(308): CInlineAction->runWithParams()
#3 C:\wamp\www\optima-new\framework\web\CController.php(286): RecoveryController->runAction()
#4 C:\wamp\www\optima-new\framework\web\CController.php(265): RecoveryController->runActionWithFilters()
#5 C:\wamp\www\optima-new\framework\web\CWebApplication.php(282): RecoveryController->run()
#6 C:\wamp\www\optima-new\framework\web\CWebApplication.php(141): CWebApplication->runController()
#7 C:\wamp\www\optima-new\framework\base\CApplication.php(169): CWebApplication->processRequest()
#8 C:\wamp\www\optima-new\index.php(23): CWebApplication->run()
REQUEST_URI=/optima-new/index.php?r=user/recovery
2013/07/19 14:09:26 [error] [php] Object of class YiiMailMessage could not be converted to string (C:\wamp\www\optima-new\protected\extensions\yii-mail\YiiMail.php:192)
Stack trace:
#0 C:\wamp\www\optima-new\protected\modules\user\controllers\RecoveryController.php(56): sendMail()
#1 C:\wamp\www\optima-new\framework\web\actions\CInlineAction.php(49): RecoveryController->actionRecovery()
#2 C:\wamp\www\optima-new\framework\web\CController.php(308): CInlineAction->runWithParams()
#3 C:\wamp\www\optima-new\framework\web\CController.php(286): RecoveryController->runAction()
#4 C:\wamp\www\optima-new\framework\web\CController.php(265): RecoveryController->runActionWithFilters()
#5 C:\wamp\www\optima-new\framework\web\CWebApplication.php(282): RecoveryController->run()
#6 C:\wamp\www\optima-new\framework\web\CWebApplication.php(141): CWebApplication->runController()
#7 C:\wamp\www\optima-new\framework\base\CApplication.php(169): CWebApplication->processRequest()
#8 C:\wamp\www\optima-new\index.php(23): CWebApplication->run()
REQUEST_URI=/optima-new/index.php?r=user/recovery
